
**** Build of configuration Debug for project BinkLed ****

"F:\\ti\\ccsv7\\utils\\bin\\gmake" -k -j 4 all -O 
 
'Building file: "../main.c"'
'Invoking: MSP430 Compiler'
"F:/ti/ccsv7/tools/compiler/ti-cgt-msp430_16.9.6.LTS/bin/cl430" -vmsp --use_hw_mpy=none --include_path="F:/ti/ccsv7/ccs_base/msp430/include" --include_path="D:/MegaSyn/SourceCodes/Github/MSP430-Project/BinkLed" --include_path="F:/ti/ccsv7/tools/compiler/ti-cgt-msp430_16.9.6.LTS/include" --advice:power=all --define=__MSP430F2272__ -g --printf_support=minimal --diag_warning=225 --diag_wrap=off --display_error_number --silicon_errata=CPU19 --preproc_with_compile --preproc_dependency="main.d_raw"  "../main.c"
"../main.c", line 14: warning #112-D: statement is unreachable
"../main.c", line 9: remark #1527-D: (ULP 2.1) Detected SW delay loop using __delay_cycles. Recommend using a timer module instead
"../main.c", line 11: remark #1527-D: (ULP 2.1) Detected SW delay loop using __delay_cycles. Recommend using a timer module instead
'Finished building: "../main.c"'
 
'Building target: "BinkLed.out"'
'Invoking: MSP430 Linker'
"F:/ti/ccsv7/tools/compiler/ti-cgt-msp430_16.9.6.LTS/bin/cl430" -vmsp --use_hw_mpy=none --advice:power=all --define=__MSP430F2272__ -g --printf_support=minimal --diag_warning=225 --diag_wrap=off --display_error_number --silicon_errata=CPU19 -z -m"BinkLed.map" --heap_size=80 --stack_size=80 -i"F:/ti/ccsv7/ccs_base/msp430/include" -i"F:/ti/ccsv7/tools/compiler/ti-cgt-msp430_16.9.6.LTS/lib" -i"F:/ti/ccsv7/tools/compiler/ti-cgt-msp430_16.9.6.LTS/include" --reread_libs --diag_wrap=off --display_error_number --warn_sections --xml_link_info="BinkLed_linkInfo.xml" --use_hw_mpy=none --rom_model -o "BinkLed.out" "./main.obj" "../lnk_msp430f2272.cmd"  -llibc.a 
<Linking>
remark #10371-D: (ULP 1.1) Detected no uses of low power mode state changing instructions
remark #10372-D: (ULP 4.1) Detected uninitialized Port 2 in this project. Recommend initializing all unused ports to eliminate wasted current consumption on unused pins.
remark #10372-D: (ULP 4.1) Detected uninitialized Port 3 in this project. Recommend initializing all unused ports to eliminate wasted current consumption on unused pins.
remark #10372-D: (ULP 4.1) Detected uninitialized Port 4 in this project. Recommend initializing all unused ports to eliminate wasted current consumption on unused pins.
'Finished building target: "BinkLed.out"'
 

**** Build Finished ****

**** Build of configuration Debug for project BinkLed ****

"F:\\ti\\ccsv7\\utils\\bin\\gmake" -k -j 4 all -O 
 
gmake[1]: 'BinkLed.out' is up to date.
'Building files: "BinkLed.out"'
'Invoking: MSP430 Hex Utility'
"F:/ti/ccsv7/tools/compiler/ti-cgt-msp430_16.9.6.LTS/bin/hex430" --memwidth=8 --romwidth=8 --intel -o "BinkLed.hex"  "BinkLed.out" 
Translating to Intel format...
   "BinkLed.out" .text ==> .text
   "BinkLed.out" $fill000 ==> $fill000
   "BinkLed.out" PORT1 ==> PORT1
   "BinkLed.out" PORT2 ==> PORT2
   "BinkLed.out" ADC10 ==> ADC10
   "BinkLed.out" USCIAB0TX ==> USCIAB0TX
   "BinkLed.out" USCIAB0RX ==> USCIAB0RX
   "BinkLed.out" TIMERA1 ==> TIMERA1
   "BinkLed.out" TIMERA0 ==> TIMERA0
   "BinkLed.out" WDT ==> WDT
   "BinkLed.out" TIMERB1 ==> TIMERB1
   "BinkLed.out" TIMERB0 ==> TIMERB0
   "BinkLed.out" NMI ==> NMI
   "BinkLed.out" .reset ==> .reset
'Finished building: "BinkLed.out"'
 

**** Build Finished ****

**** Build of configuration Debug for project BinkLed ****

"F:\\ti\\ccsv7\\utils\\bin\\gmake" -k -j 4 all -O 
 
'Building file: "../main.c"'
'Invoking: MSP430 Compiler'
"F:/ti/ccsv7/tools/compiler/ti-cgt-msp430_16.9.6.LTS/bin/cl430" -vmsp --use_hw_mpy=none --include_path="F:/ti/ccsv7/ccs_base/msp430/include" --include_path="D:/MegaSyn/SourceCodes/Github/MSP430-Project/BinkLed" --include_path="F:/ti/ccsv7/tools/compiler/ti-cgt-msp430_16.9.6.LTS/include" --advice:power=all --define=__MSP430F2272__ -g --printf_support=minimal --diag_warning=225 --diag_wrap=off --display_error_number --silicon_errata=CPU19 --preproc_with_compile --preproc_dependency="main.d_raw"  "../main.c"

>> Compilation failure
subdir_rules.mk:9: recipe for target 'main.obj' failed
"../main.c", line 10: warning #225-D: function "delay_ms" declared implicitly
"../main.c", line 15: warning #112-D: statement is unreachable
"../main.c", line 20: warning #161-D: declaration is incompatible with previous "delay_ms" (declared at line 10)
"../main.c", line 21: error #29: expected an expression
"../main.c", line 21: error #20: identifier "i" is undefined
"../main.c", line 22: remark #1527-D: (ULP 2.1) Detected SW delay loop using __delay_cycles. Recommend using a timer module instead
2 errors detected in the compilation of "../main.c".
gmake: *** [main.obj] Error 1
gmake: Target 'all' not remade because of errors.

**** Build Finished ****

**** Build of configuration Debug for project BinkLed ****

"F:\\ti\\ccsv7\\utils\\bin\\gmake" -k -j 4 all -O 
 
'Building file: "../main.c"'
'Invoking: MSP430 Compiler'
"F:/ti/ccsv7/tools/compiler/ti-cgt-msp430_16.9.6.LTS/bin/cl430" -vmsp --use_hw_mpy=none --include_path="F:/ti/ccsv7/ccs_base/msp430/include" --include_path="D:/MegaSyn/SourceCodes/Github/MSP430-Project/BinkLed" --include_path="F:/ti/ccsv7/tools/compiler/ti-cgt-msp430_16.9.6.LTS/include" --advice:power=all --define=__MSP430F2272__ -g --printf_support=minimal --diag_warning=225 --diag_wrap=off --display_error_number --silicon_errata=CPU19 --preproc_with_compile --preproc_dependency="main.d_raw"  "../main.c"

>> Compilation failure
subdir_rules.mk:9: recipe for target 'main.obj' failed
"../main.c", line 15: warning #112-D: statement is unreachable
"../main.c", line 21: error #29: expected an expression
"../main.c", line 21: error #20: identifier "i" is undefined
"../main.c", line 22: remark #1527-D: (ULP 2.1) Detected SW delay loop using __delay_cycles. Recommend using a timer module instead
2 errors detected in the compilation of "../main.c".
gmake: *** [main.obj] Error 1
gmake: Target 'all' not remade because of errors.

**** Build Finished ****

**** Build of configuration Debug for project BinkLed ****

"F:\\ti\\ccsv7\\utils\\bin\\gmake" -k -j 4 all -O 
 
'Building file: "../main.c"'
'Invoking: MSP430 Compiler'
"F:/ti/ccsv7/tools/compiler/ti-cgt-msp430_16.9.6.LTS/bin/cl430" -vmsp --use_hw_mpy=none --include_path="F:/ti/ccsv7/ccs_base/msp430/include" --include_path="D:/MegaSyn/SourceCodes/Github/MSP430-Project/BinkLed" --include_path="F:/ti/ccsv7/tools/compiler/ti-cgt-msp430_16.9.6.LTS/include" --advice:power=all --define=__MSP430F2272__ -g --c99 --printf_support=minimal --diag_warning=225 --diag_wrap=off --display_error_number --silicon_errata=CPU19 --preproc_with_compile --preproc_dependency="main.d_raw"  "../main.c"
'Finished building: "../main.c"'
 
'Building target: "BinkLed.out"'
'Invoking: MSP430 Linker'
"F:/ti/ccsv7/tools/compiler/ti-cgt-msp430_16.9.6.LTS/bin/cl430" -vmsp --use_hw_mpy=none --advice:power=all --define=__MSP430F2272__ -g --c99 --printf_support=minimal --diag_warning=225 --diag_wrap=off --display_error_number --silicon_errata=CPU19 -z -m"BinkLed.map" --heap_size=80 --stack_size=80 -i"F:/ti/ccsv7/ccs_base/msp430/include" -i"F:/ti/ccsv7/tools/compiler/ti-cgt-msp430_16.9.6.LTS/lib" -i"F:/ti/ccsv7/tools/compiler/ti-cgt-msp430_16.9.6.LTS/include" --reread_libs --diag_wrap=off --display_error_number --warn_sections --xml_link_info="BinkLed_linkInfo.xml" --use_hw_mpy=none --rom_model -o "BinkLed.out" "./main.obj" "../lnk_msp430f2272.cmd"  -llibc.a 
<Linking>
"../main.c", line 15: warning #112-D: statement is unreachable
"../main.c", line 21: remark #1544-D: (ULP 13.1) Detected loop counting up. Recommend loops count down as detecting zeros is easier
"../main.c", line 22: remark #1527-D: (ULP 2.1) Detected SW delay loop using __delay_cycles. Recommend using a timer module instead
"../main.c", line 21: remark #1544-D: (ULP 13.1) Detected loop counting up. Recommend loops count down as detecting zeros is easier
"../main.c", line 22: remark #1527-D: (ULP 2.1) Detected SW delay loop using __delay_cycles. Recommend using a timer module instead
remark #10371-D: (ULP 1.1) Detected no uses of low power mode state changing instructions
remark #10372-D: (ULP 4.1) Detected uninitialized Port 2 in this project. Recommend initializing all unused ports to eliminate wasted current consumption on unused pins.
remark #10372-D: (ULP 4.1) Detected uninitialized Port 3 in this project. Recommend initializing all unused ports to eliminate wasted current consumption on unused pins.
remark #10372-D: (ULP 4.1) Detected uninitialized Port 4 in this project. Recommend initializing all unused ports to eliminate wasted current consumption on unused pins.
'Finished building target: "BinkLed.out"'
 
'Building files: "BinkLed.out"'
'Invoking: MSP430 Hex Utility'
"F:/ti/ccsv7/tools/compiler/ti-cgt-msp430_16.9.6.LTS/bin/hex430" --memwidth=8 --romwidth=8 --intel -o "BinkLed.hex"  "BinkLed.out" 
Translating to Intel format...
   "BinkLed.out" .text ==> .text
   "BinkLed.out" $fill000 ==> $fill000
   "BinkLed.out" PORT1 ==> PORT1
   "BinkLed.out" PORT2 ==> PORT2
   "BinkLed.out" ADC10 ==> ADC10
   "BinkLed.out" USCIAB0TX ==> USCIAB0TX
   "BinkLed.out" USCIAB0RX ==> USCIAB0RX
   "BinkLed.out" TIMERA1 ==> TIMERA1
   "BinkLed.out" TIMERA0 ==> TIMERA0
   "BinkLed.out" WDT ==> WDT
   "BinkLed.out" TIMERB1 ==> TIMERB1
   "BinkLed.out" TIMERB0 ==> TIMERB0
   "BinkLed.out" NMI ==> NMI
   "BinkLed.out" .reset ==> .reset
'Finished building: "BinkLed.out"'
 

**** Build Finished ****

**** Build of configuration Debug for project BinkLed ****

"F:\\ti\\ccsv7\\utils\\bin\\gmake" -k -j 4 all -O 
 
'Building file: "../main.c"'
'Invoking: MSP430 Compiler'
"F:/ti/ccsv7/tools/compiler/ti-cgt-msp430_16.9.6.LTS/bin/cl430" -vmsp --use_hw_mpy=none --include_path="F:/ti/ccsv7/ccs_base/msp430/include" --include_path="D:/MegaSyn/SourceCodes/Github/MSP430-Project/BinkLed" --include_path="F:/ti/ccsv7/tools/compiler/ti-cgt-msp430_16.9.6.LTS/include" --advice:power=all --define=__MSP430F2272__ -g --c99 --printf_support=minimal --diag_warning=225 --diag_wrap=off --display_error_number --silicon_errata=CPU19 --preproc_with_compile --preproc_dependency="main.d_raw"  "../main.c"
"../main.c", line 32: remark #1544-D: (ULP 13.1) Detected loop counting up. Recommend loops count down as detecting zeros is easier
"../main.c", line 33: remark #1527-D: (ULP 2.1) Detected SW delay loop using __delay_cycles. Recommend using a timer module instead
"../main.c", line 32: remark #1544-D: (ULP 13.1) Detected loop counting up. Recommend loops count down as detecting zeros is easier
"../main.c", line 33: remark #1527-D: (ULP 2.1) Detected SW delay loop using __delay_cycles. Recommend using a timer module instead
"../main.c", line 13: remark #1535-D: (ULP 8.1) variable "a" is used as a constant. Recommend declaring variable as either 'static const' or 'const'
'Finished building: "../main.c"'
 
'Building target: "BinkLed.out"'
'Invoking: MSP430 Linker'
"F:/ti/ccsv7/tools/compiler/ti-cgt-msp430_16.9.6.LTS/bin/cl430" -vmsp --use_hw_mpy=none --advice:power=all --define=__MSP430F2272__ -g --c99 --printf_support=minimal --diag_warning=225 --diag_wrap=off --display_error_number --silicon_errata=CPU19 -z -m"BinkLed.map" --heap_size=80 --stack_size=80 -i"F:/ti/ccsv7/ccs_base/msp430/include" -i"F:/ti/ccsv7/tools/compiler/ti-cgt-msp430_16.9.6.LTS/lib" -i"F:/ti/ccsv7/tools/compiler/ti-cgt-msp430_16.9.6.LTS/include" --reread_libs --diag_wrap=off --display_error_number --warn_sections --xml_link_info="BinkLed_linkInfo.xml" --use_hw_mpy=none --rom_model -o "BinkLed.out" "./main.obj" "../lnk_msp430f2272.cmd"  -llibc.a 
<Linking>
remark #10371-D: (ULP 1.1) Detected no uses of low power mode state changing instructions
remark #10372-D: (ULP 4.1) Detected uninitialized Port 2 in this project. Recommend initializing all unused ports to eliminate wasted current consumption on unused pins.
remark #10372-D: (ULP 4.1) Detected uninitialized Port 3 in this project. Recommend initializing all unused ports to eliminate wasted current consumption on unused pins.
remark #10372-D: (ULP 4.1) Detected uninitialized Port 4 in this project. Recommend initializing all unused ports to eliminate wasted current consumption on unused pins.
'Finished building target: "BinkLed.out"'
 
'Building files: "BinkLed.out"'
'Invoking: MSP430 Hex Utility'
"F:/ti/ccsv7/tools/compiler/ti-cgt-msp430_16.9.6.LTS/bin/hex430" --memwidth=8 --romwidth=8 --intel -o "BinkLed.hex"  "BinkLed.out" 
Translating to Intel format...
   "BinkLed.out" .text ==> .text
   "BinkLed.out" $fill000 ==> $fill000
   "BinkLed.out" PORT1 ==> PORT1
   "BinkLed.out" PORT2 ==> PORT2
   "BinkLed.out" ADC10 ==> ADC10
   "BinkLed.out" USCIAB0TX ==> USCIAB0TX
   "BinkLed.out" USCIAB0RX ==> USCIAB0RX
   "BinkLed.out" TIMERA1 ==> TIMERA1
   "BinkLed.out" TIMERA0 ==> TIMERA0
   "BinkLed.out" WDT ==> WDT
   "BinkLed.out" TIMERB1 ==> TIMERB1
   "BinkLed.out" TIMERB0 ==> TIMERB0
   "BinkLed.out" NMI ==> NMI
   "BinkLed.out" .reset ==> .reset
'Finished building: "BinkLed.out"'
 

**** Build Finished ****

**** Build of configuration Debug for project Input_Switch(button) ****

"F:\\ti\\ccsv7\\utils\\bin\\gmake" -k -j 4 all -O 
 
'Building file: "../main.c"'
'Invoking: MSP430 Compiler'
"F:/ti/ccsv7/tools/compiler/ti-cgt-msp430_16.9.6.LTS/bin/cl430" -vmsp --use_hw_mpy=none --include_path="F:/ti/ccsv7/ccs_base/msp430/include" --include_path="D:/MegaSyn/SourceCodes/Github/MSP430-Project/Input_Switch(button)" --include_path="F:/ti/ccsv7/tools/compiler/ti-cgt-msp430_16.9.6.LTS/include" --advice:power=all --define=__MSP430F2272__ -g --c99 --printf_support=minimal --diag_warning=225 --diag_wrap=off --display_error_number --silicon_errata=CPU19 --preproc_with_compile --preproc_dependency="main.d_raw"  "../main.c"

>> Compilation failure
subdir_rules.mk:9: recipe for target 'main.obj' failed
"../main.c", line 13: error #20: identifier "P3" is undefined
"../main.c", line 16: error #20: identifier "P3" is undefined
"../main.c", line 19: warning #112-D: statement is unreachable
2 errors detected in the compilation of "../main.c".
gmake: *** [main.obj] Error 1
gmake: Target 'all' not remade because of errors.

**** Build Finished ****

**** Build of configuration Debug for project BinkLed ****

"F:\\ti\\ccsv7\\utils\\bin\\gmake" -k -j 4 all -O 
 
gmake[1]: 'BinkLed.out' is up to date.
gmake[1]: Nothing to be done for 'secondary-outputs'.

**** Build Finished ****

**** Build of configuration Debug for project Input_Switch(button) ****

"F:\\ti\\ccsv7\\utils\\bin\\gmake" -k -j 4 all -O 
 
'Building file: "../main.c"'
'Invoking: MSP430 Compiler'
"F:/ti/ccsv7/tools/compiler/ti-cgt-msp430_16.9.6.LTS/bin/cl430" -vmsp --use_hw_mpy=none --include_path="F:/ti/ccsv7/ccs_base/msp430/include" --include_path="D:/MegaSyn/SourceCodes/Github/MSP430-Project/Input_Switch(button)" --include_path="F:/ti/ccsv7/tools/compiler/ti-cgt-msp430_16.9.6.LTS/include" --advice:power=all --define=__MSP430F2272__ -g --c99 --printf_support=minimal --diag_warning=225 --diag_wrap=off --display_error_number --silicon_errata=CPU19 --preproc_with_compile --preproc_dependency="main.d_raw"  "../main.c"
"../main.c", line 19: warning #112-D: statement is unreachable
'Finished building: "../main.c"'
 
'Building target: "Input_Switch(button).out"'
'Invoking: MSP430 Linker'
"F:/ti/ccsv7/tools/compiler/ti-cgt-msp430_16.9.6.LTS/bin/cl430" -vmsp --use_hw_mpy=none --advice:power=all --define=__MSP430F2272__ -g --c99 --printf_support=minimal --diag_warning=225 --diag_wrap=off --display_error_number --silicon_errata=CPU19 -z -m"Input_Switch(button).map" --heap_size=80 --stack_size=80 -i"F:/ti/ccsv7/ccs_base/msp430/include" -i"F:/ti/ccsv7/tools/compiler/ti-cgt-msp430_16.9.6.LTS/lib" -i"F:/ti/ccsv7/tools/compiler/ti-cgt-msp430_16.9.6.LTS/include" --reread_libs --diag_wrap=off --display_error_number --warn_sections --xml_link_info="Input_Switch(button)_linkInfo.xml" --use_hw_mpy=none --rom_model -o "Input_Switch(button).out" "./main.obj" "../lnk_msp430f2272.cmd"  -llibc.a 
<Linking>
remark #10371-D: (ULP 1.1) Detected no uses of low power mode state changing instructions
remark #10372-D: (ULP 4.1) Detected uninitialized Port 1 in this project. Recommend initializing all unused ports to eliminate wasted current consumption on unused pins.
remark #10372-D: (ULP 4.1) Detected uninitialized Port 2 in this project. Recommend initializing all unused ports to eliminate wasted current consumption on unused pins.
remark #10372-D: (ULP 4.1) Detected uninitialized Port 4 in this project. Recommend initializing all unused ports to eliminate wasted current consumption on unused pins.
'Finished building target: "Input_Switch(button).out"'
 
'Building files: "Input_Switch(button).out"'
'Invoking: MSP430 Hex Utility'
"F:/ti/ccsv7/tools/compiler/ti-cgt-msp430_16.9.6.LTS/bin/hex430" --memwidth=8 --romwidth=8 --intel -o "Input_Switch(button).hex"  "Input_Switch(button).out" 
Translating to Intel format...
   "Input_Switch(button).out" .text ==> .text
   "Input_Switch(button).out" $fill000 ==> $fill000
   "Input_Switch(button).out" PORT1 ==> PORT1
   "Input_Switch(button).out" PORT2 ==> PORT2
   "Input_Switch(button).out" ADC10 ==> ADC10
   "Input_Switch(button).out" USCIAB0TX ==> USCIAB0TX
   "Input_Switch(button).out" USCIAB0RX ==> USCIAB0RX
   "Input_Switch(button).out" TIMERA1 ==> TIMERA1
   "Input_Switch(button).out" TIMERA0 ==> TIMERA0
   "Input_Switch(button).out" WDT ==> WDT
   "Input_Switch(button).out" TIMERB1 ==> TIMERB1
   "Input_Switch(button).out" TIMERB0 ==> TIMERB0
   "Input_Switch(button).out" NMI ==> NMI
   "Input_Switch(button).out" .reset ==> .reset
'Finished building: "Input_Switch(button).out"'
 

**** Build Finished ****

**** Build of configuration Debug for project BinkLed ****

"F:\\ti\\ccsv7\\utils\\bin\\gmake" -k -j 4 all -O 
 
gmake[1]: 'BinkLed.out' is up to date.
gmake[1]: Nothing to be done for 'secondary-outputs'.

**** Build Finished ****

**** Build of configuration Debug for project Input_Switch(button) ****

"F:\\ti\\ccsv7\\utils\\bin\\gmake" -k -j 4 all -O 
 
'Building file: "../main.c"'
'Invoking: MSP430 Compiler'
"F:/ti/ccsv7/tools/compiler/ti-cgt-msp430_16.9.6.LTS/bin/cl430" -vmsp --use_hw_mpy=none --include_path="F:/ti/ccsv7/ccs_base/msp430/include" --include_path="D:/MegaSyn/SourceCodes/Github/MSP430-Project/Input_Switch(button)" --include_path="F:/ti/ccsv7/tools/compiler/ti-cgt-msp430_16.9.6.LTS/include" --advice:power=all --define=__MSP430F2272__ -g --c99 --printf_support=minimal --diag_warning=225 --diag_wrap=off --display_error_number --silicon_errata=CPU19 --preproc_with_compile --preproc_dependency="main.d_raw"  "../main.c"
"../main.c", line 19: warning #112-D: statement is unreachable
'Finished building: "../main.c"'
 
'Building target: "Input_Switch(button).out"'
'Invoking: MSP430 Linker'
"F:/ti/ccsv7/tools/compiler/ti-cgt-msp430_16.9.6.LTS/bin/cl430" -vmsp --use_hw_mpy=none --advice:power=all --define=__MSP430F2272__ -g --c99 --printf_support=minimal --diag_warning=225 --diag_wrap=off --display_error_number --silicon_errata=CPU19 -z -m"Input_Switch(button).map" --heap_size=80 --stack_size=80 -i"F:/ti/ccsv7/ccs_base/msp430/include" -i"F:/ti/ccsv7/tools/compiler/ti-cgt-msp430_16.9.6.LTS/lib" -i"F:/ti/ccsv7/tools/compiler/ti-cgt-msp430_16.9.6.LTS/include" --reread_libs --diag_wrap=off --display_error_number --warn_sections --xml_link_info="Input_Switch(button)_linkInfo.xml" --use_hw_mpy=none --rom_model -o "Input_Switch(button).out" "./main.obj" "../lnk_msp430f2272.cmd"  -llibc.a 
<Linking>
remark #10371-D: (ULP 1.1) Detected no uses of low power mode state changing instructions
remark #10372-D: (ULP 4.1) Detected uninitialized Port 1 in this project. Recommend initializing all unused ports to eliminate wasted current consumption on unused pins.
remark #10372-D: (ULP 4.1) Detected uninitialized Port 2 in this project. Recommend initializing all unused ports to eliminate wasted current consumption on unused pins.
remark #10372-D: (ULP 4.1) Detected uninitialized Port 4 in this project. Recommend initializing all unused ports to eliminate wasted current consumption on unused pins.
'Finished building target: "Input_Switch(button).out"'
 
'Building files: "Input_Switch(button).out"'
'Invoking: MSP430 Hex Utility'
"F:/ti/ccsv7/tools/compiler/ti-cgt-msp430_16.9.6.LTS/bin/hex430" --memwidth=8 --romwidth=8 --intel -o "Input_Switch(button).hex"  "Input_Switch(button).out" 
Translating to Intel format...
   "Input_Switch(button).out" .text ==> .text
   "Input_Switch(button).out" $fill000 ==> $fill000
   "Input_Switch(button).out" PORT1 ==> PORT1
   "Input_Switch(button).out" PORT2 ==> PORT2
   "Input_Switch(button).out" ADC10 ==> ADC10
   "Input_Switch(button).out" USCIAB0TX ==> USCIAB0TX
   "Input_Switch(button).out" USCIAB0RX ==> USCIAB0RX
   "Input_Switch(button).out" TIMERA1 ==> TIMERA1
   "Input_Switch(button).out" TIMERA0 ==> TIMERA0
   "Input_Switch(button).out" WDT ==> WDT
   "Input_Switch(button).out" TIMERB1 ==> TIMERB1
   "Input_Switch(button).out" TIMERB0 ==> TIMERB0
   "Input_Switch(button).out" NMI ==> NMI
   "Input_Switch(button).out" .reset ==> .reset
'Finished building: "Input_Switch(button).out"'
 

**** Build Finished ****
